  Astar_nodes.cpp
C:\Users\Legion\Desktop\дурастіка\SuperSnake\SuperSnake\Astar_nodes.cpp(41,13): warning C4244: 'return': conversion from 'double' to 'float', possible loss of data
  Astar_nodes.h
  main.cpp
C:\Users\Legion\Desktop\дурастіка\SuperSnake\SuperSnake\main.cpp(18,23): warning C4305: 'initializing': truncation from 'double' to 'float'
C:\Users\Legion\Desktop\дурастіка\SuperSnake\SuperSnake\main.cpp(19,24): warning C4305: 'initializing': truncation from 'double' to 'float'
C:\Users\Legion\Desktop\дурастіка\SuperSnake\SuperSnake\main.cpp(23,22): warning C4244: 'return': conversion from 'double' to 'int', possible loss of data
C:\Users\Legion\Desktop\дурастіка\SuperSnake\SuperSnake\main.cpp(222,15): warning C4244: 'argument': conversion from 'time_t' to 'unsigned int', possible loss of data
C:\Users\Legion\Desktop\дурастіка\SuperSnake\SuperSnake\main.cpp(335,60): warning C4244: 'argument': conversion from 'int' to 'float', possible loss of data
C:\Users\Legion\Desktop\дурастіка\SuperSnake\SuperSnake\main.cpp(335,45): warning C4244: 'argument': conversion from 'int' to 'float', possible loss of data
C:\Users\Legion\Desktop\дурастіка\SuperSnake\SuperSnake\main.cpp(340,60): warning C4244: 'argument': conversion from 'int' to 'float', possible loss of data
C:\Users\Legion\Desktop\дурастіка\SuperSnake\SuperSnake\main.cpp(340,45): warning C4244: 'argument': conversion from 'int' to 'float', possible loss of data
C:\Users\Legion\Desktop\дурастіка\SuperSnake\SuperSnake\main.cpp(364,62): warning C4244: 'argument': conversion from 'int' to 'float', possible loss of data
C:\Users\Legion\Desktop\дурастіка\SuperSnake\SuperSnake\main.cpp(364,42): warning C4244: 'argument': conversion from 'int' to 'float', possible loss of data
C:\Users\Legion\Desktop\дурастіка\SuperSnake\SuperSnake\main.cpp(372,53): warning C4244: 'argument': conversion from 'int' to 'float', possible loss of data
C:\Users\Legion\Desktop\дурастіка\SuperSnake\SuperSnake\main.cpp(372,36): warning C4244: 'argument': conversion from 'int' to 'float', possible loss of data
C:\Users\Legion\Desktop\дурастіка\SuperSnake\SuperSnake\main.cpp(444,84): warning C4305: '+=': truncation from 'double' to 'float'
C:\Users\Legion\Desktop\дурастіка\SuperSnake\SuperSnake\main.cpp(446,85): warning C4305: '+=': truncation from 'double' to 'float'
C:\Users\Legion\Desktop\дурастіка\SuperSnake\SuperSnake\main.cpp(450,84): warning C4305: '-=': truncation from 'double' to 'float'
C:\Users\Legion\Desktop\дурастіка\SuperSnake\SuperSnake\main.cpp(452,85): warning C4305: '-=': truncation from 'double' to 'float'
  SnakeMenu.cpp
  Generating Code...
C:\Users\Legion\Desktop\дурастіка\SuperSnake\SuperSnake\Astar_nodes.cpp(151): warning C4715: 'Astar_class::Astar_Update': not all control paths return a value
x64\Debug\Astar_nodes.obj : warning LNK4042: object specified more than once; extras ignored
  SuperSnake.vcxproj -> C:\Users\Legion\Desktop\дурастіка\SuperSnake\SuperSnake\x64\Debug\SuperSnake.exe
